Setting default socket timeout to 30
beat: Starting...
DatabaseScheduler: initial read
Writing entries...
DatabaseScheduler: Fetching database schedule
Current schedule:

beat: Ticking with max interval->1.00 minute
beat: Waking up in 1.00 minute.
beat: Synchronizing schedule...
Writing entries...
beat: Waking up in 1.00 minute.
beat: Waking up in 1.00 minute.
beat: Waking up in 1.00 minute.
beat: Synchronizing schedule...
Writing entries...
beat: Waking up in 1.00 minute.
Writing entries...
Writing entries...
Writing entries...
Writing entries...
Setting default socket timeout to 30
beat: Starting...
DatabaseScheduler: initial read
Writing entries...
DatabaseScheduler: Fetching database schedule
Current schedule:
<ModelEntry: celery.backend_cleanup celery.backend_cleanup(*[], **{}) <crontab: 0 4
         * *
          * (m/h/d/dM/MY), UTC>
        >
beat: Ticking with max interval->1.00 minute
beat: Waking up in 1.00 minute.
beat: Synchronizing schedule...
Writing entries...
beat: Waking up in 1.00 minute.
beat: Waking up in 1.00 minute.
beat: Waking up in 1.00 minute.
beat: Synchronizing schedule...
Writing entries...
beat: Waking up in 1.00 minute.
beat: Waking up in 1.00 minute.
beat: Waking up in 1.00 minute.
beat: Synchronizing schedule...
Writing entries...
beat: Waking up in 1.00 minute.
beat: Waking up in 1.00 minute.
beat: Waking up in 1.00 minute.
beat: Synchronizing schedule...
Writing entries...
beat: Waking up in 1.00 minute.
beat: Waking up in 1.00 minute.
beat: Waking up in 1.00 minute.
beat: Synchronizing schedule...
Writing entries...
beat: Waking up in 1.00 minute.
beat: Waking up in 1.00 minute.
beat: Waking up in 1.00 minute.
beat: Synchronizing schedule...
Writing entries...
beat: Waking up in 1.00 minute.
beat: Waking up in 1.00 minute.
beat: Waking up in 1.00 minute.
beat: Synchronizing schedule...
Writing entries...
beat: Waking up in 1.00 minute.
beat: Waking up in 1.00 minute.
beat: Waking up in 1.00 minute.
beat: Synchronizing schedule...
Writing entries...
beat: Waking up in 1.00 minute.
beat: Waking up in 1.00 minute.
beat: Waking up in 1.00 minute.
beat: Synchronizing schedule...
Writing entries...
beat: Waking up in 1.00 minute.
beat: Waking up in 1.00 minute.
beat: Waking up in 1.00 minute.
beat: Synchronizing schedule...
Writing entries...
beat: Waking up in 1.00 minute.
beat: Waking up in 1.00 minute.
beat: Waking up in 1.00 minute.
beat: Synchronizing schedule...
Writing entries...
beat: Waking up in 1.00 minute.
beat: Waking up in 1.00 minute.
beat: Waking up in 1.00 minute.
beat: Synchronizing schedule...
Writing entries...
beat: Waking up in 1.00 minute.
beat: Waking up in 1.00 minute.
beat: Waking up in 1.00 minute.
beat: Synchronizing schedule...
Writing entries...
beat: Waking up in 1.00 minute.
beat: Waking up in 1.00 minute.
beat: Waking up in 1.00 minute.
beat: Synchronizing schedule...
Writing entries...
beat: Waking up in 1.00 minute.
beat: Waking up in 1.00 minute.
beat: Waking up in 1.00 minute.
beat: Synchronizing schedule...
Writing entries...
beat: Waking up in 1.00 minute.
beat: Waking up in 1.00 minute.
beat: Waking up in 1.00 minute.
beat: Synchronizing schedule...
Writing entries...
beat: Waking up in 1.00 minute.
beat: Waking up in 1.00 minute.
beat: Waking up in 1.00 minute.
beat: Synchronizing schedule...
Writing entries...
beat: Waking up in 1.00 minute.
beat: Waking up in 1.00 minute.
beat: Waking up in 1.00 minute.
beat: Synchronizing schedule...
Writing entries...
beat: Waking up in 1.00 minute.
beat: Waking up in 1.00 minute.
beat: Waking up in 1.00 minute.
beat: Synchronizing schedule...
Writing entries...
beat: Waking up in 1.00 minute.
beat: Waking up in 1.00 minute.
beat: Waking up in 1.00 minute.
beat: Synchronizing schedule...
Writing entries...
beat: Waking up in 1.00 minute.
beat: Waking up in 1.00 minute.
beat: Waking up in 1.00 minute.
beat: Synchronizing schedule...
Writing entries...
beat: Waking up in 1.00 minute.
beat: Waking up in 1.00 minute.
beat: Waking up in 1.00 minute.
beat: Synchronizing schedule...
Writing entries...
beat: Waking up in 1.00 minute.
beat: Waking up in 1.00 minute.
